  ArchivateWindow.cpp
  ExtractWindow.cpp
C:\Program Files\Microsoft Visual Studio\2022\Community\VC\Tools\MSVC\14.37.32822\include\xstring(2728,53): warning C4244: аргумент: преобразование "wchar_t" в "const _Elem", возможна потеря данных
          with
          [
              _Elem=char
          ]
C:\Program Files\Microsoft Visual Studio\2022\Community\VC\Tools\MSVC\14.37.32822\include\xstring(2584,17): message : выполняется компиляция ссылки на экземпляр шаблон функции "void std::basic_string<char,std::char_traits<char>,std::allocator<char>>::_Construct_from_iter<wchar_t*,wchar_t*,_Size_type>(_Iter,const _Sent,_Size)"
          with
          [
              _Size_type=unsigned __int64,
              _Iter=wchar_t *,
              _Sent=wchar_t *,
              _Size=unsigned __int64
          ]
C:\bsuir\OSISP\Archiver\ExtractWindow.cpp(174,33): message : выполняется компиляция ссылки на экземпляр шаблон функции "std::basic_string<char,std::char_traits<char>,std::allocator<char>>::basic_string<std::_String_iterator<std::_String_val<std::_Simple_types<_Elem>>>,0>(_Iter,_Iter,const _Alloc &)"
          with
          [
              _Elem=wchar_t,
              _Iter=std::_String_iterator<std::_String_val<std::_Simple_types<wchar_t>>>,
              _Alloc=std::allocator<char>
          ]
C:\bsuir\OSISP\Archiver\ExtractWindow.cpp(174,33): message : см. первую ссылку на "std::basic_string<char,std::char_traits<char>,std::allocator<char>>::basic_string" в "ExtractWindow::HandleMessage"
  Создание кода...
C:\bsuir\OSISP\Archiver\ExtractWindow.cpp(221): warning C4715: ExtractWindow::HandleMessage: значение возвращается не при всех путях выполнения
C:\bsuir\OSISP\Archiver\ArchivateWindow.cpp(163): warning C4715: ArchivateWindow::HandleMessage: значение возвращается не при всех путях выполнения
  Archiver.vcxproj -> C:\bsuir\OSISP\Archiver\x64\Debug\Archiver.exe
