c:\bsuir\osisp\archiver\x64\debug\zlibd1.dll
c:\bsuir\osisp\archiver\x64\debug\vc143.pdb
c:\bsuir\osisp\archiver\x64\debug\vc143.idb
c:\bsuir\osisp\archiver\x64\debug\archivatewindow.obj
c:\bsuir\osisp\archiver\x64\debug\extractwindow.obj
c:\bsuir\osisp\archiver\x64\debug\basewindow.obj
c:\bsuir\osisp\archiver\x64\debug\archiver.obj
c:\bsuir\osisp\archiver\x64\debug\archivationfunctions.obj
c:\bsuir\osisp\archiver\x64\debug\archiver.exe
c:\bsuir\osisp\archiver\x64\debug\archiver.ilk
c:\bsuir\osisp\archiver\x64\debug\archiver.pdb
c:\bsuir\osisp\archiver\x64\debug\archiver.res
c:\bsuir\osisp\archiver\x64\debug\archiver.tlog\archiver.write.1u.tlog
c:\bsuir\osisp\archiver\x64\debug\archiver.tlog\cl.command.1.tlog
c:\bsuir\osisp\archiver\x64\debug\archiver.tlog\cl.items.tlog
c:\bsuir\osisp\archiver\x64\debug\archiver.tlog\cl.read.1.tlog
c:\bsuir\osisp\archiver\x64\debug\archiver.tlog\cl.write.1.tlog
c:\bsuir\osisp\archiver\x64\debug\archiver.tlog\link.command.1.tlog
c:\bsuir\osisp\archiver\x64\debug\archiver.tlog\link.read.1.tlog
c:\bsuir\osisp\archiver\x64\debug\archiver.tlog\link.write.1.tlog
c:\bsuir\osisp\archiver\x64\debug\archiver.tlog\rc.command.1.tlog
c:\bsuir\osisp\archiver\x64\debug\archiver.tlog\rc.read.1.tlog
c:\bsuir\osisp\archiver\x64\debug\archiver.tlog\rc.write.1.tlog
